{"C:\\Users\\admin\\Desktop\\170314\\node1\\ejsblog\\index.js":{"path":"C:\\Users\\admin\\Desktop\\170314\\node1\\ejsblog\\index.js","s":{"1":1,"2":1,"3":1,"4":1,"5":1,"6":1,"7":1,"8":1,"9":1,"10":1,"11":1,"12":1,"13":1,"14":1,"15":1,"16":1,"17":1,"18":1,"19":1,"20":8,"21":8,"22":8,"23":8,"24":1,"25":1,"26":0,"27":1,"28":1,"29":0,"30":0},"b":{"1":[1,0]},"f":{"1":0,"2":0},"fnMap":{"1":{"name":"(anonymous_1)","line":89,"loc":{"start":{"line":89,"column":8},"end":{"line":89,"column":36}}},"2":{"name":"(anonymous_2)","line":97,"loc":{"start":{"line":97,"column":26},"end":{"line":97,"column":38}}}},"statementMap":{"1":{"start":{"line":1,"column":0},"end":{"line":1,"column":29}},"2":{"start":{"line":2,"column":0},"end":{"line":2,"column":35}},"3":{"start":{"line":3,"column":0},"end":{"line":3,"column":43}},"4":{"start":{"line":4,"column":0},"end":{"line":4,"column":53}},"5":{"start":{"line":5,"column":0},"end":{"line":5,"column":39}},"6":{"start":{"line":6,"column":0},"end":{"line":6,"column":49}},"7":{"start":{"line":7,"column":0},"end":{"line":7,"column":35}},"8":{"start":{"line":8,"column":0},"end":{"line":8,"column":33}},"9":{"start":{"line":10,"column":0},"end":{"line":10,"column":35}},"10":{"start":{"line":11,"column":0},"end":{"line":11,"column":50}},"11":{"start":{"line":13,"column":0},"end":{"line":13,"column":22}},"12":{"start":{"line":16,"column":0},"end":{"line":16,"column":46}},"13":{"start":{"line":17,"column":0},"end":{"line":17,"column":29}},"14":{"start":{"line":20,"column":0},"end":{"line":20,"column":55}},"15":{"start":{"line":22,"column":0},"end":{"line":33,"column":4}},"16":{"start":{"line":36,"column":0},"end":{"line":36,"column":17}},"17":{"start":{"line":38,"column":0},"end":{"line":41,"column":4}},"18":{"start":{"line":44,"column":0},"end":{"line":47,"column":2}},"19":{"start":{"line":50,"column":0},"end":{"line":55,"column":2}},"20":{"start":{"line":51,"column":4},"end":{"line":51,"column":39}},"21":{"start":{"line":52,"column":4},"end":{"line":52,"column":57}},"22":{"start":{"line":53,"column":4},"end":{"line":53,"column":53}},"23":{"start":{"line":54,"column":4},"end":{"line":54,"column":11}},"24":{"start":{"line":72,"column":0},"end":{"line":72,"column":12}},"25":{"start":{"line":89,"column":0},"end":{"line":91,"column":2}},"26":{"start":{"line":90,"column":4},"end":{"line":90,"column":36}},"27":{"start":{"line":93,"column":0},"end":{"line":100,"column":1}},"28":{"start":{"line":94,"column":2},"end":{"line":94,"column":23}},"29":{"start":{"line":97,"column":2},"end":{"line":99,"column":5}},"30":{"start":{"line":98,"column":4},"end":{"line":98,"column":64}}},"branchMap":{"1":{"line":93,"type":"if","locations":[{"start":{"line":93,"column":0},"end":{"line":93,"column":0}},{"start":{"line":93,"column":0},"end":{"line":93,"column":0}}]}}},"C:\\Users\\admin\\Desktop\\170314\\node1\\ejsblog\\config\\default.js":{"path":"C:\\Users\\admin\\Desktop\\170314\\node1\\ejsblog\\config\\default.js","s":{"1":1},"b":{},"f":{},"fnMap":{},"statementMap":{"1":{"start":{"line":1,"column":0},"end":{"line":9,"column":2}}},"branchMap":{}},"C:\\Users\\admin\\Desktop\\170314\\node1\\ejsblog\\routes\\index.js":{"path":"C:\\Users\\admin\\Desktop\\170314\\node1\\ejsblog\\routes\\index.js","s":{"1":1,"2":1,"3":0,"4":1,"5":1,"6":1,"7":1,"8":1,"9":7,"10":0},"b":{"1":[0,7]},"f":{"1":1,"2":7},"fnMap":{"1":{"name":"(anonymous_1)","line":1,"loc":{"start":{"line":1,"column":16},"end":{"line":1,"column":30}}},"2":{"name":"(anonymous_2)","line":12,"loc":{"start":{"line":12,"column":12},"end":{"line":12,"column":31}}}},"statementMap":{"1":{"start":{"line":1,"column":0},"end":{"line":17,"column":2}},"2":{"start":{"line":2,"column":4},"end":{"line":4,"column":7}},"3":{"start":{"line":3,"column":8},"end":{"line":3,"column":31}},"4":{"start":{"line":6,"column":4},"end":{"line":6,"column":44}},"5":{"start":{"line":7,"column":4},"end":{"line":7,"column":44}},"6":{"start":{"line":8,"column":4},"end":{"line":8,"column":46}},"7":{"start":{"line":9,"column":4},"end":{"line":9,"column":42}},"8":{"start":{"line":12,"column":4},"end":{"line":16,"column":6}},"9":{"start":{"line":13,"column":8},"end":{"line":15,"column":9}},"10":{"start":{"line":14,"column":12},"end":{"line":14,"column":42}}},"branchMap":{"1":{"line":13,"type":"if","locations":[{"start":{"line":13,"column":8},"end":{"line":13,"column":8}},{"start":{"line":13,"column":8},"end":{"line":13,"column":8}}]}}},"C:\\Users\\admin\\Desktop\\170314\\node1\\ejsblog\\routes\\signup.js":{"path":"C:\\Users\\admin\\Desktop\\170314\\node1\\ejsblog\\routes\\signup.js","s":{"1":1,"2":1,"3":1,"4":1,"5":1,"6":1,"7":1,"8":1,"9":3,"10":1,"11":4,"12":4,"13":4,"14":4,"15":4,"16":4,"17":4,"18":4,"19":4,"20":1,"21":3,"22":1,"23":2,"24":0,"25":2,"26":0,"27":2,"28":0,"29":2,"30":0,"31":2,"32":2,"33":2,"34":2,"35":2,"36":2,"37":1,"38":1,"39":1,"40":1,"41":1,"42":1,"43":1,"44":1,"45":1,"46":0,"47":1},"b":{"1":[1,3],"2":[4,3],"3":[1,2],"4":[0,2],"5":[2,2],"6":[0,2],"7":[0,2],"8":[0,2],"9":[1,0]},"f":{"1":3},"fnMap":{"1":{"name":"(anonymous_1)","line":12,"loc":{"start":{"line":12,"column":30},"end":{"line":12,"column":55}}}},"statementMap":{"1":{"start":{"line":1,"column":0},"end":{"line":1,"column":24}},"2":{"start":{"line":2,"column":0},"end":{"line":2,"column":29}},"3":{"start":{"line":3,"column":0},"end":{"line":3,"column":29}},"4":{"start":{"line":5,"column":0},"end":{"line":5,"column":35}},"5":{"start":{"line":6,"column":0},"end":{"line":6,"column":32}},"6":{"start":{"line":8,"column":0},"end":{"line":8,"column":46}},"7":{"start":{"line":9,"column":0},"end":{"line":9,"column":68}},"8":{"start":{"line":12,"column":0},"end":{"line":14,"column":3}},"9":{"start":{"line":13,"column":4},"end":{"line":13,"column":25}},"10":{"start":{"line":17,"column":0},"end":{"line":87,"column":3}},"11":{"start":{"line":19,"column":4},"end":{"line":19,"column":31}},"12":{"start":{"line":20,"column":4},"end":{"line":20,"column":35}},"13":{"start":{"line":21,"column":4},"end":{"line":21,"column":29}},"14":{"start":{"line":22,"column":4},"end":{"line":22,"column":61}},"15":{"start":{"line":23,"column":4},"end":{"line":23,"column":39}},"16":{"start":{"line":24,"column":4},"end":{"line":24,"column":43}},"17":{"start":{"line":25,"column":4},"end":{"line":25,"column":25}},"18":{"start":{"line":27,"column":4},"end":{"line":51,"column":5}},"19":{"start":{"line":28,"column":8},"end":{"line":30,"column":9}},"20":{"start":{"line":29,"column":12},"end":{"line":29,"column":47}},"21":{"start":{"line":31,"column":8},"end":{"line":33,"column":9}},"22":{"start":{"line":32,"column":12},"end":{"line":32,"column":45}},"23":{"start":{"line":34,"column":8},"end":{"line":36,"column":9}},"24":{"start":{"line":35,"column":12},"end":{"line":35,"column":49}},"25":{"start":{"line":37,"column":8},"end":{"line":39,"column":9}},"26":{"start":{"line":38,"column":12},"end":{"line":38,"column":36}},"27":{"start":{"line":40,"column":8},"end":{"line":42,"column":9}},"28":{"start":{"line":41,"column":12},"end":{"line":41,"column":42}},"29":{"start":{"line":43,"column":8},"end":{"line":45,"column":9}},"30":{"start":{"line":44,"column":12},"end":{"line":44,"column":41}},"31":{"start":{"line":48,"column":8},"end":{"line":48,"column":41}},"32":{"start":{"line":49,"column":8},"end":{"line":49,"column":38}},"33":{"start":{"line":50,"column":8},"end":{"line":50,"column":39}},"34":{"start":{"line":54,"column":4},"end":{"line":54,"column":30}},"35":{"start":{"line":56,"column":4},"end":{"line":63,"column":6}},"36":{"start":{"line":65,"column":4},"end":{"line":85,"column":11}},"37":{"start":{"line":68,"column":12},"end":{"line":68,"column":33}},"38":{"start":{"line":70,"column":12},"end":{"line":70,"column":33}},"39":{"start":{"line":71,"column":12},"end":{"line":71,"column":36}},"40":{"start":{"line":73,"column":12},"end":{"line":73,"column":40}},"41":{"start":{"line":74,"column":12},"end":{"line":74,"column":35}},"42":{"start":{"line":78,"column":12},"end":{"line":78,"column":45}},"43":{"start":{"line":80,"column":12},"end":{"line":83,"column":13}},"44":{"start":{"line":81,"column":16},"end":{"line":81,"column":44}},"45":{"start":{"line":82,"column":16},"end":{"line":82,"column":47}},"46":{"start":{"line":84,"column":12},"end":{"line":84,"column":20}},"47":{"start":{"line":91,"column":0},"end":{"line":91,"column":24}}},"branchMap":{"1":{"line":28,"type":"if","locations":[{"start":{"line":28,"column":8},"end":{"line":28,"column":8}},{"start":{"line":28,"column":8},"end":{"line":28,"column":8}}]},"2":{"line":28,"type":"binary-expr","locations":[{"start":{"line":28,"column":14},"end":{"line":28,"column":30}},{"start":{"line":28,"column":34},"end":{"line":28,"column":51}}]},"3":{"line":31,"type":"if","locations":[{"start":{"line":31,"column":8},"end":{"line":31,"column":8}},{"start":{"line":31,"column":8},"end":{"line":31,"column":8}}]},"4":{"line":34,"type":"if","locations":[{"start":{"line":34,"column":8},"end":{"line":34,"column":8}},{"start":{"line":34,"column":8},"end":{"line":34,"column":8}}]},"5":{"line":34,"type":"binary-expr","locations":[{"start":{"line":34,"column":14},"end":{"line":34,"column":29}},{"start":{"line":34,"column":33},"end":{"line":34,"column":49}}]},"6":{"line":37,"type":"if","locations":[{"start":{"line":37,"column":8},"end":{"line":37,"column":8}},{"start":{"line":37,"column":8},"end":{"line":37,"column":8}}]},"7":{"line":40,"type":"if","locations":[{"start":{"line":40,"column":8},"end":{"line":40,"column":8}},{"start":{"line":40,"column":8},"end":{"line":40,"column":8}}]},"8":{"line":43,"type":"if","locations":[{"start":{"line":43,"column":8},"end":{"line":43,"column":8}},{"start":{"line":43,"column":8},"end":{"line":43,"column":8}}]},"9":{"line":80,"type":"if","locations":[{"start":{"line":80,"column":12},"end":{"line":80,"column":12}},{"start":{"line":80,"column":12},"end":{"line":80,"column":12}}]}}},"C:\\Users\\admin\\Desktop\\170314\\node1\\ejsblog\\models\\users.js":{"path":"C:\\Users\\admin\\Desktop\\170314\\node1\\ejsblog\\models\\users.js","s":{"1":1,"2":1,"3":2,"4":0},"b":{},"f":{"1":2,"2":0},"fnMap":{"1":{"name":"create","line":5,"loc":{"start":{"line":5,"column":11},"end":{"line":5,"column":33}}},"2":{"name":"getUserByName","line":9,"loc":{"start":{"line":9,"column":18},"end":{"line":9,"column":47}}}},"statementMap":{"1":{"start":{"line":1,"column":0},"end":{"line":1,"column":42}},"2":{"start":{"line":3,"column":0},"end":{"line":15,"column":1}},"3":{"start":{"line":6,"column":8},"end":{"line":6,"column":40}},"4":{"start":{"line":10,"column":8},"end":{"line":13,"column":20}}},"branchMap":{}},"C:\\Users\\admin\\Desktop\\170314\\node1\\ejsblog\\lib\\mongo.js":{"path":"C:\\Users\\admin\\Desktop\\170314\\node1\\ejsblog\\lib\\mongo.js","s":{"1":1,"2":1,"3":1,"4":1,"5":1,"6":1,"7":1,"8":1,"9":1,"10":1,"11":2,"12":1,"13":0,"14":0,"15":0,"16":1,"17":1,"18":1,"19":1,"20":1},"b":{"1":[0,0]},"f":{"1":1,"2":2,"3":0},"fnMap":{"1":{"name":"(anonymous_1)","line":22,"loc":{"start":{"line":22,"column":15},"end":{"line":22,"column":34}}},"2":{"name":"(anonymous_2)","line":23,"loc":{"start":{"line":23,"column":25},"end":{"line":23,"column":41}}},"3":{"name":"(anonymous_3)","line":28,"loc":{"start":{"line":28,"column":19},"end":{"line":28,"column":38}}}},"statementMap":{"1":{"start":{"line":1,"column":0},"end":{"line":1,"column":49}},"2":{"start":{"line":2,"column":0},"end":{"line":2,"column":39}},"3":{"start":{"line":3,"column":0},"end":{"line":3,"column":34}},"4":{"start":{"line":4,"column":0},"end":{"line":4,"column":34}},"5":{"start":{"line":7,"column":0},"end":{"line":14,"column":3}},"6":{"start":{"line":15,"column":0},"end":{"line":15,"column":50}},"7":{"start":{"line":17,"column":0},"end":{"line":17,"column":33}},"8":{"start":{"line":18,"column":0},"end":{"line":18,"column":61}},"9":{"start":{"line":21,"column":1},"end":{"line":34,"column":4}},"10":{"start":{"line":23,"column":9},"end":{"line":25,"column":12}},"11":{"start":{"line":24,"column":13},"end":{"line":24,"column":96}},"12":{"start":{"line":26,"column":9},"end":{"line":26,"column":24}},"13":{"start":{"line":29,"column":9},"end":{"line":31,"column":10}},"14":{"start":{"line":30,"column":13},"end":{"line":30,"column":102}},"15":{"start":{"line":32,"column":9},"end":{"line":32,"column":24}},"16":{"start":{"line":36,"column":0},"end":{"line":42,"column":3}},"17":{"start":{"line":43,"column":0},"end":{"line":43,"column":46}},"18":{"start":{"line":46,"column":0},"end":{"line":50,"column":3}},"19":{"start":{"line":51,"column":0},"end":{"line":51,"column":52}},"20":{"start":{"line":52,"column":0},"end":{"line":52,"column":52}}},"branchMap":{"1":{"line":29,"type":"if","locations":[{"start":{"line":29,"column":9},"end":{"line":29,"column":9}},{"start":{"line":29,"column":9},"end":{"line":29,"column":9}}]}}},"C:\\Users\\admin\\Desktop\\170314\\node1\\ejsblog\\middlewares\\check.js":{"path":"C:\\Users\\admin\\Desktop\\170314\\node1\\ejsblog\\middlewares\\check.js","s":{"1":1,"2":1,"3":0,"4":0,"5":0,"6":0,"7":0,"8":0,"9":0,"10":7,"11":0,"12":0,"13":7},"b":{"1":[0,0],"2":[0,0],"3":[0,7]},"f":{"1":0,"2":7},"fnMap":{"1":{"name":"checkLogin","line":4,"loc":{"start":{"line":4,"column":16},"end":{"line":4,"column":52}}},"2":{"name":"checkNotLogin","line":17,"loc":{"start":{"line":17,"column":19},"end":{"line":17,"column":58}}}},"statementMap":{"1":{"start":{"line":1,"column":0},"end":{"line":1,"column":45}},"2":{"start":{"line":3,"column":0},"end":{"line":24,"column":2}},"3":{"start":{"line":5,"column":8},"end":{"line":8,"column":9}},"4":{"start":{"line":6,"column":12},"end":{"line":6,"column":38}},"5":{"start":{"line":7,"column":12},"end":{"line":7,"column":43}},"6":{"start":{"line":9,"column":8},"end":{"line":13,"column":9}},"7":{"start":{"line":11,"column":12},"end":{"line":11,"column":39}},"8":{"start":{"line":12,"column":12},"end":{"line":12,"column":42}},"9":{"start":{"line":14,"column":8},"end":{"line":14,"column":15}},"10":{"start":{"line":18,"column":8},"end":{"line":21,"column":9}},"11":{"start":{"line":19,"column":12},"end":{"line":19,"column":38}},"12":{"start":{"line":20,"column":12},"end":{"line":20,"column":40}},"13":{"start":{"line":22,"column":8},"end":{"line":22,"column":15}}},"branchMap":{"1":{"line":5,"type":"if","locations":[{"start":{"line":5,"column":8},"end":{"line":5,"column":8}},{"start":{"line":5,"column":8},"end":{"line":5,"column":8}}]},"2":{"line":9,"type":"if","locations":[{"start":{"line":9,"column":8},"end":{"line":9,"column":8}},{"start":{"line":9,"column":8},"end":{"line":9,"column":8}}]},"3":{"line":18,"type":"if","locations":[{"start":{"line":18,"column":8},"end":{"line":18,"column":8}},{"start":{"line":18,"column":8},"end":{"line":18,"column":8}}]}}},"C:\\Users\\admin\\Desktop\\170314\\node1\\ejsblog\\routes\\signin.js":{"path":"C:\\Users\\admin\\Desktop\\170314\\node1\\ejsblog\\routes\\signin.js","s":{"1":1,"2":1,"3":1,"4":1,"5":1,"6":1,"7":0,"8":1,"9":0,"10":0,"11":0,"12":0,"13":0,"14":0,"15":0,"16":0,"17":0,"18":0,"19":0,"20":0,"21":0,"22":0,"23":1},"b":{"1":[0,0],"2":[0,0]},"f":{},"fnMap":{},"statementMap":{"1":{"start":{"line":1,"column":0},"end":{"line":1,"column":35}},"2":{"start":{"line":2,"column":0},"end":{"line":2,"column":32}},"3":{"start":{"line":3,"column":0},"end":{"line":3,"column":29}},"4":{"start":{"line":5,"column":0},"end":{"line":5,"column":45}},"5":{"start":{"line":6,"column":0},"end":{"line":6,"column":66}},"6":{"start":{"line":9,"column":0},"end":{"line":11,"column":3}},"7":{"start":{"line":10,"column":4},"end":{"line":10,"column":25}},"8":{"start":{"line":13,"column":0},"end":{"line":35,"column":3}},"9":{"start":{"line":14,"column":4},"end":{"line":14,"column":31}},"10":{"start":{"line":15,"column":4},"end":{"line":15,"column":39}},"11":{"start":{"line":17,"column":4},"end":{"line":34,"column":21}},"12":{"start":{"line":19,"column":12},"end":{"line":22,"column":13}},"13":{"start":{"line":20,"column":16},"end":{"line":20,"column":44}},"14":{"start":{"line":21,"column":16},"end":{"line":21,"column":44}},"15":{"start":{"line":24,"column":12},"end":{"line":27,"column":13}},"16":{"start":{"line":25,"column":16},"end":{"line":25,"column":47}},"17":{"start":{"line":26,"column":16},"end":{"line":26,"column":44}},"18":{"start":{"line":28,"column":12},"end":{"line":28,"column":40}},"19":{"start":{"line":29,"column":12},"end":{"line":29,"column":33}},"20":{"start":{"line":30,"column":12},"end":{"line":30,"column":36}},"21":{"start":{"line":31,"column":12},"end":{"line":31,"column":42}},"22":{"start":{"line":32,"column":12},"end":{"line":32,"column":35}},"23":{"start":{"line":37,"column":0},"end":{"line":37,"column":24}}},"branchMap":{"1":{"line":19,"type":"if","locations":[{"start":{"line":19,"column":12},"end":{"line":19,"column":12}},{"start":{"line":19,"column":12},"end":{"line":19,"column":12}}]},"2":{"line":24,"type":"if","locations":[{"start":{"line":24,"column":12},"end":{"line":24,"column":12}},{"start":{"line":24,"column":12},"end":{"line":24,"column":12}}]}}},"C:\\Users\\admin\\Desktop\\170314\\node1\\ejsblog\\routes\\signout.js":{"path":"C:\\Users\\admin\\Desktop\\170314\\node1\\ejsblog\\routes\\signout.js","s":{"1":1,"2":1,"3":1,"4":1,"5":0,"6":0,"7":0,"8":1},"b":{},"f":{},"fnMap":{},"statementMap":{"1":{"start":{"line":1,"column":0},"end":{"line":1,"column":35}},"2":{"start":{"line":2,"column":0},"end":{"line":2,"column":32}},"3":{"start":{"line":4,"column":0},"end":{"line":4,"column":62}},"4":{"start":{"line":7,"column":0},"end":{"line":13,"column":3}},"5":{"start":{"line":9,"column":4},"end":{"line":9,"column":29}},"6":{"start":{"line":10,"column":4},"end":{"line":10,"column":32}},"7":{"start":{"line":12,"column":4},"end":{"line":12,"column":27}},"8":{"start":{"line":15,"column":0},"end":{"line":15,"column":25}}},"branchMap":{}},"C:\\Users\\admin\\Desktop\\170314\\node1\\ejsblog\\routes\\posts.js":{"path":"C:\\Users\\admin\\Desktop\\170314\\node1\\ejsblog\\routes\\posts.js","s":{"1":1,"2":1,"3":1,"4":1,"5":1,"6":1,"7":1,"8":1,"9":1,"10":1,"11":1,"12":1,"13":1,"14":1,"15":1,"16":2,"17":1,"18":1,"19":0,"20":0,"21":0,"22":0,"23":0,"24":0,"25":0,"26":0,"27":0,"28":0,"29":0,"30":0,"31":0,"32":0,"33":0,"34":1,"35":0,"36":1,"37":0,"38":0,"39":0,"40":0,"41":0,"42":0,"43":0,"44":1,"45":0,"46":0,"47":0,"48":0,"49":0,"50":0,"51":0,"52":0,"53":1,"54":0,"55":0,"56":0,"57":0,"58":0,"59":0,"60":0,"61":1,"62":0,"63":0,"64":0,"65":0,"66":0,"67":1,"68":0,"69":0,"70":0,"71":0,"72":0,"73":0,"74":0,"75":1,"76":0,"77":0,"78":0,"79":0,"80":0,"81":1},"b":{"1":[0,1],"2":[0,0],"3":[0,0],"4":[0,0],"5":[0,0],"6":[0,0]},"f":{"1":1,"2":0,"3":0,"4":0,"5":0,"6":0,"7":0,"8":0,"9":0},"fnMap":{"1":{"name":"(anonymous_1)","line":26,"loc":{"start":{"line":26,"column":14},"end":{"line":26,"column":31}}},"2":{"name":"(anonymous_2)","line":73,"loc":{"start":{"line":73,"column":22},"end":{"line":73,"column":46}}},"3":{"name":"(anonymous_3)","line":81,"loc":{"start":{"line":81,"column":14},"end":{"line":81,"column":32}}},"4":{"name":"(anonymous_4)","line":96,"loc":{"start":{"line":96,"column":38},"end":{"line":96,"column":62}}},"5":{"name":"(anonymous_5)","line":114,"loc":{"start":{"line":114,"column":41},"end":{"line":114,"column":66}}},"6":{"name":"(anonymous_6)","line":121,"loc":{"start":{"line":121,"column":14},"end":{"line":121,"column":26}}},"7":{"name":"(anonymous_7)","line":131,"loc":{"start":{"line":131,"column":40},"end":{"line":131,"column":64}}},"8":{"name":"(anonymous_8)","line":144,"loc":{"start":{"line":144,"column":42},"end":{"line":144,"column":66}}},"9":{"name":"(anonymous_9)","line":165,"loc":{"start":{"line":165,"column":59},"end":{"line":165,"column":83}}}},"statementMap":{"1":{"start":{"line":1,"column":0},"end":{"line":1,"column":35}},"2":{"start":{"line":2,"column":0},"end":{"line":2,"column":32}},"3":{"start":{"line":5,"column":0},"end":{"line":5,"column":45}},"4":{"start":{"line":6,"column":0},"end":{"line":6,"column":50}},"5":{"start":{"line":8,"column":0},"end":{"line":8,"column":60}},"6":{"start":{"line":15,"column":0},"end":{"line":33,"column":3}},"7":{"start":{"line":16,"column":4},"end":{"line":16,"column":52}},"8":{"start":{"line":17,"column":4},"end":{"line":17,"column":21}},"9":{"start":{"line":18,"column":4},"end":{"line":18,"column":28}},"10":{"start":{"line":19,"column":4},"end":{"line":19,"column":34}},"11":{"start":{"line":20,"column":4},"end":{"line":20,"column":15}},"12":{"start":{"line":21,"column":4},"end":{"line":23,"column":7}},"13":{"start":{"line":22,"column":8},"end":{"line":22,"column":49}},"14":{"start":{"line":25,"column":4},"end":{"line":32,"column":21}},"15":{"start":{"line":27,"column":12},"end":{"line":29,"column":13}},"16":{"start":{"line":28,"column":16},"end":{"line":28,"column":42}},"17":{"start":{"line":30,"column":12},"end":{"line":30,"column":46}},"18":{"start":{"line":36,"column":0},"end":{"line":64,"column":3}},"19":{"start":{"line":37,"column":4},"end":{"line":37,"column":38}},"20":{"start":{"line":38,"column":4},"end":{"line":38,"column":33}},"21":{"start":{"line":39,"column":4},"end":{"line":39,"column":37}},"22":{"start":{"line":40,"column":4},"end":{"line":50,"column":5}},"23":{"start":{"line":41,"column":8},"end":{"line":43,"column":9}},"24":{"start":{"line":42,"column":12},"end":{"line":42,"column":37}},"25":{"start":{"line":44,"column":8},"end":{"line":46,"column":9}},"26":{"start":{"line":45,"column":12},"end":{"line":45,"column":37}},"27":{"start":{"line":48,"column":8},"end":{"line":48,"column":37}},"28":{"start":{"line":49,"column":8},"end":{"line":49,"column":36}},"29":{"start":{"line":51,"column":4},"end":{"line":56,"column":6}},"30":{"start":{"line":57,"column":4},"end":{"line":63,"column":21}},"31":{"start":{"line":59,"column":12},"end":{"line":59,"column":34}},"32":{"start":{"line":60,"column":12},"end":{"line":60,"column":40}},"33":{"start":{"line":61,"column":12},"end":{"line":61,"column":35}},"34":{"start":{"line":68,"column":0},"end":{"line":71,"column":3}},"35":{"start":{"line":70,"column":4},"end":{"line":70,"column":25}},"36":{"start":{"line":73,"column":0},"end":{"line":94,"column":3}},"37":{"start":{"line":74,"column":4},"end":{"line":74,"column":35}},"38":{"start":{"line":76,"column":4},"end":{"line":93,"column":21}},"39":{"start":{"line":82,"column":12},"end":{"line":82,"column":32}},"40":{"start":{"line":83,"column":12},"end":{"line":83,"column":37}},"41":{"start":{"line":84,"column":12},"end":{"line":86,"column":13}},"42":{"start":{"line":85,"column":16},"end":{"line":85,"column":42}},"43":{"start":{"line":88,"column":12},"end":{"line":91,"column":15}},"44":{"start":{"line":96,"column":0},"end":{"line":111,"column":3}},"45":{"start":{"line":97,"column":4},"end":{"line":97,"column":35}},"46":{"start":{"line":98,"column":4},"end":{"line":98,"column":38}},"47":{"start":{"line":100,"column":4},"end":{"line":110,"column":21}},"48":{"start":{"line":102,"column":12},"end":{"line":104,"column":13}},"49":{"start":{"line":103,"column":16},"end":{"line":103,"column":42}},"50":{"start":{"line":105,"column":12},"end":{"line":107,"column":13}},"51":{"start":{"line":106,"column":16},"end":{"line":106,"column":40}},"52":{"start":{"line":108,"column":12},"end":{"line":108,"column":38}},"53":{"start":{"line":114,"column":0},"end":{"line":127,"column":3}},"54":{"start":{"line":115,"column":4},"end":{"line":115,"column":35}},"55":{"start":{"line":116,"column":4},"end":{"line":116,"column":38}},"56":{"start":{"line":117,"column":4},"end":{"line":117,"column":33}},"57":{"start":{"line":118,"column":4},"end":{"line":118,"column":37}},"58":{"start":{"line":120,"column":4},"end":{"line":126,"column":21}},"59":{"start":{"line":122,"column":12},"end":{"line":122,"column":43}},"60":{"start":{"line":124,"column":12},"end":{"line":124,"column":45}},"61":{"start":{"line":131,"column":0},"end":{"line":141,"column":2}},"62":{"start":{"line":132,"column":4},"end":{"line":132,"column":35}},"63":{"start":{"line":133,"column":4},"end":{"line":133,"column":38}},"64":{"start":{"line":135,"column":4},"end":{"line":140,"column":21}},"65":{"start":{"line":137,"column":12},"end":{"line":137,"column":40}},"66":{"start":{"line":138,"column":12},"end":{"line":138,"column":35}},"67":{"start":{"line":144,"column":0},"end":{"line":162,"column":3}},"68":{"start":{"line":146,"column":4},"end":{"line":146,"column":38}},"69":{"start":{"line":147,"column":4},"end":{"line":147,"column":35}},"70":{"start":{"line":148,"column":4},"end":{"line":148,"column":37}},"71":{"start":{"line":149,"column":4},"end":{"line":153,"column":6}},"72":{"start":{"line":155,"column":4},"end":{"line":161,"column":21}},"73":{"start":{"line":157,"column":12},"end":{"line":157,"column":40}},"74":{"start":{"line":159,"column":12},"end":{"line":159,"column":33}},"75":{"start":{"line":165,"column":0},"end":{"line":174,"column":2}},"76":{"start":{"line":166,"column":4},"end":{"line":166,"column":41}},"77":{"start":{"line":167,"column":4},"end":{"line":167,"column":38}},"78":{"start":{"line":168,"column":4},"end":{"line":173,"column":21}},"79":{"start":{"line":170,"column":12},"end":{"line":170,"column":42}},"80":{"start":{"line":171,"column":12},"end":{"line":171,"column":33}},"81":{"start":{"line":179,"column":0},"end":{"line":179,"column":24}}},"branchMap":{"1":{"line":16,"type":"cond-expr","locations":[{"start":{"line":16,"column":32},"end":{"line":16,"column":46}},{"start":{"line":16,"column":49},"end":{"line":16,"column":50}}]},"2":{"line":41,"type":"if","locations":[{"start":{"line":41,"column":8},"end":{"line":41,"column":8}},{"start":{"line":41,"column":8},"end":{"line":41,"column":8}}]},"3":{"line":44,"type":"if","locations":[{"start":{"line":44,"column":8},"end":{"line":44,"column":8}},{"start":{"line":44,"column":8},"end":{"line":44,"column":8}}]},"4":{"line":84,"type":"if","locations":[{"start":{"line":84,"column":12},"end":{"line":84,"column":12}},{"start":{"line":84,"column":12},"end":{"line":84,"column":12}}]},"5":{"line":102,"type":"if","locations":[{"start":{"line":102,"column":12},"end":{"line":102,"column":12}},{"start":{"line":102,"column":12},"end":{"line":102,"column":12}}]},"6":{"line":105,"type":"if","locations":[{"start":{"line":105,"column":12},"end":{"line":105,"column":12}},{"start":{"line":105,"column":12},"end":{"line":105,"column":12}}]}}},"C:\\Users\\admin\\Desktop\\170314\\node1\\ejsblog\\models\\posts.js":{"path":"C:\\Users\\admin\\Desktop\\170314\\node1\\ejsblog\\models\\posts.js","s":{"1":1,"2":1,"3":1,"4":1,"5":1,"6":2,"7":2,"8":0,"9":0,"10":0,"11":1,"12":1,"13":2,"14":2,"15":2,"16":0,"17":0,"18":0,"19":0,"20":0,"21":1,"22":0,"23":0,"24":1,"25":1,"26":0,"27":1,"28":1,"29":1,"30":0,"31":1,"32":0,"33":0,"34":0,"35":0,"36":0,"37":0},"b":{"1":[0,0],"2":[0,0],"3":[0,1],"4":[0,1],"5":[0,0],"6":[0,0]},"f":{"1":1,"2":2,"3":0,"4":1,"5":2,"6":2,"7":0,"8":0,"9":0,"10":0,"11":1,"12":1,"13":0,"14":0,"15":0,"16":0,"17":0},"fnMap":{"1":{"name":"(anonymous_1)","line":7,"loc":{"start":{"line":7,"column":14},"end":{"line":7,"column":29}}},"2":{"name":"(anonymous_2)","line":8,"loc":{"start":{"line":8,"column":25},"end":{"line":8,"column":41}}},"3":{"name":"(anonymous_3)","line":13,"loc":{"start":{"line":13,"column":18},"end":{"line":13,"column":34}}},"4":{"name":"(anonymous_4)","line":22,"loc":{"start":{"line":22,"column":14},"end":{"line":22,"column":29}}},"5":{"name":"(anonymous_5)","line":23,"loc":{"start":{"line":23,"column":37},"end":{"line":23,"column":53}}},"6":{"name":"(anonymous_6)","line":24,"loc":{"start":{"line":24,"column":63},"end":{"line":24,"column":88}}},"7":{"name":"(anonymous_7)","line":30,"loc":{"start":{"line":30,"column":18},"end":{"line":30,"column":34}}},"8":{"name":"(anonymous_8)","line":32,"loc":{"start":{"line":32,"column":63},"end":{"line":32,"column":80}}},"9":{"name":"create","line":43,"loc":{"start":{"line":43,"column":13},"end":{"line":43,"column":35}}},"10":{"name":"getPostById","line":47,"loc":{"start":{"line":47,"column":18},"end":{"line":47,"column":47}}},"11":{"name":"getPosts","line":56,"loc":{"start":{"line":56,"column":13},"end":{"line":56,"column":54}}},"12":{"name":"getPostsCount","line":75,"loc":{"start":{"line":75,"column":18},"end":{"line":75,"column":49}}},"13":{"name":"incPv","line":85,"loc":{"start":{"line":85,"column":10},"end":{"line":85,"column":33}}},"14":{"name":"getRawPostById","line":91,"loc":{"start":{"line":91,"column":19},"end":{"line":91,"column":51}}},"15":{"name":"updatePostById","line":98,"loc":{"start":{"line":98,"column":20},"end":{"line":98,"column":66}}},"16":{"name":"delPostById","line":101,"loc":{"start":{"line":101,"column":16},"end":{"line":101,"column":52}}},"17":{"name":"(anonymous_17)","line":103,"loc":{"start":{"line":103,"column":18},"end":{"line":103,"column":33}}}},"statementMap":{"1":{"start":{"line":1,"column":0},"end":{"line":1,"column":42}},"2":{"start":{"line":2,"column":0},"end":{"line":2,"column":33}},"3":{"start":{"line":3,"column":0},"end":{"line":3,"column":42}},"4":{"start":{"line":6,"column":0},"end":{"line":19,"column":2}},"5":{"start":{"line":8,"column":8},"end":{"line":11,"column":11}},"6":{"start":{"line":9,"column":12},"end":{"line":9,"column":48}},"7":{"start":{"line":10,"column":12},"end":{"line":10,"column":24}},"8":{"start":{"line":14,"column":8},"end":{"line":16,"column":9}},"9":{"start":{"line":15,"column":12},"end":{"line":15,"column":48}},"10":{"start":{"line":17,"column":8},"end":{"line":17,"column":20}},"11":{"start":{"line":21,"column":0},"end":{"line":39,"column":2}},"12":{"start":{"line":23,"column":8},"end":{"line":28,"column":12}},"13":{"start":{"line":24,"column":12},"end":{"line":27,"column":15}},"14":{"start":{"line":25,"column":15},"end":{"line":25,"column":50}},"15":{"start":{"line":26,"column":15},"end":{"line":26,"column":27}},"16":{"start":{"line":31,"column":8},"end":{"line":36,"column":9}},"17":{"start":{"line":32,"column":12},"end":{"line":35,"column":15}},"18":{"start":{"line":33,"column":16},"end":{"line":33,"column":43}},"19":{"start":{"line":34,"column":16},"end":{"line":34,"column":28}},"20":{"start":{"line":37,"column":8},"end":{"line":37,"column":20}},"21":{"start":{"line":41,"column":0},"end":{"line":110,"column":2}},"22":{"start":{"line":44,"column":8},"end":{"line":44,"column":40}},"23":{"start":{"line":48,"column":8},"end":{"line":54,"column":20}},"24":{"start":{"line":57,"column":8},"end":{"line":57,"column":23}},"25":{"start":{"line":58,"column":8},"end":{"line":60,"column":9}},"26":{"start":{"line":59,"column":12},"end":{"line":59,"column":34}},"27":{"start":{"line":64,"column":8},"end":{"line":73,"column":20}},"28":{"start":{"line":76,"column":8},"end":{"line":76,"column":23}},"29":{"start":{"line":77,"column":8},"end":{"line":79,"column":9}},"30":{"start":{"line":78,"column":12},"end":{"line":78,"column":34}},"31":{"start":{"line":80,"column":8},"end":{"line":83,"column":20}},"32":{"start":{"line":86,"column":8},"end":{"line":88,"column":19}},"33":{"start":{"line":92,"column":8},"end":{"line":95,"column":20}},"34":{"start":{"line":99,"column":8},"end":{"line":99,"column":83}},"35":{"start":{"line":102,"column":8},"end":{"line":107,"column":15}},"36":{"start":{"line":104,"column":16},"end":{"line":106,"column":17}},"37":{"start":{"line":105,"column":20},"end":{"line":105,"column":67}}},"branchMap":{"1":{"line":14,"type":"if","locations":[{"start":{"line":14,"column":8},"end":{"line":14,"column":8}},{"start":{"line":14,"column":8},"end":{"line":14,"column":8}}]},"2":{"line":31,"type":"if","locations":[{"start":{"line":31,"column":8},"end":{"line":31,"column":8}},{"start":{"line":31,"column":8},"end":{"line":31,"column":8}}]},"3":{"line":58,"type":"if","locations":[{"start":{"line":58,"column":8},"end":{"line":58,"column":8}},{"start":{"line":58,"column":8},"end":{"line":58,"column":8}}]},"4":{"line":77,"type":"if","locations":[{"start":{"line":77,"column":8},"end":{"line":77,"column":8}},{"start":{"line":77,"column":8},"end":{"line":77,"column":8}}]},"5":{"line":104,"type":"if","locations":[{"start":{"line":104,"column":16},"end":{"line":104,"column":16}},{"start":{"line":104,"column":16},"end":{"line":104,"column":16}}]},"6":{"line":104,"type":"binary-expr","locations":[{"start":{"line":104,"column":19},"end":{"line":104,"column":32}},{"start":{"line":104,"column":36},"end":{"line":104,"column":51}}]}}},"C:\\Users\\admin\\Desktop\\170314\\node1\\ejsblog\\models\\comments.js":{"path":"C:\\Users\\admin\\Desktop\\170314\\node1\\ejsblog\\models\\comments.js","s":{"1":1,"2":1,"3":1,"4":0,"5":0,"6":0,"7":1,"8":0,"9":0,"10":0,"11":0,"12":2},"b":{},"f":{"1":0,"2":0,"3":0,"4":0,"5":0,"6":0,"7":2},"fnMap":{"1":{"name":"(anonymous_1)","line":6,"loc":{"start":{"line":6,"column":14},"end":{"line":6,"column":32}}},"2":{"name":"(anonymous_2)","line":7,"loc":{"start":{"line":7,"column":28},"end":{"line":7,"column":47}}},"3":{"name":"create","line":14,"loc":{"start":{"line":14,"column":13},"end":{"line":14,"column":38}}},"4":{"name":"delCommentById","line":18,"loc":{"start":{"line":18,"column":20},"end":{"line":18,"column":64}}},"5":{"name":"delCommentByPostId","line":22,"loc":{"start":{"line":22,"column":23},"end":{"line":22,"column":59}}},"6":{"name":"getComments","line":25,"loc":{"start":{"line":25,"column":16},"end":{"line":25,"column":45}}},"7":{"name":"getCommentCount","line":35,"loc":{"start":{"line":35,"column":20},"end":{"line":35,"column":53}}}},"statementMap":{"1":{"start":{"line":1,"column":0},"end":{"line":1,"column":33}},"2":{"start":{"line":2,"column":0},"end":{"line":2,"column":48}},"3":{"start":{"line":5,"column":0},"end":{"line":12,"column":3}},"4":{"start":{"line":7,"column":8},"end":{"line":10,"column":11}},"5":{"start":{"line":8,"column":12},"end":{"line":8,"column":54}},"6":{"start":{"line":9,"column":12},"end":{"line":9,"column":27}},"7":{"start":{"line":13,"column":0},"end":{"line":38,"column":1}},"8":{"start":{"line":15,"column":8},"end":{"line":15,"column":46}},"9":{"start":{"line":19,"column":8},"end":{"line":19,"column":71}},"10":{"start":{"line":23,"column":8},"end":{"line":23,"column":56}},"11":{"start":{"line":26,"column":8},"end":{"line":32,"column":20}},"12":{"start":{"line":36,"column":8},"end":{"line":36,"column":53}}},"branchMap":{}}}