TN:
SF:C:\Users\admin\Desktop\170314\node1\ejsblog\index.js
FN:89,(anonymous_1)
FN:97,(anonymous_2)
FNF:2
FNH:0
FNDA:0,(anonymous_1)
FNDA:0,(anonymous_2)
DA:1,1
DA:2,1
DA:3,1
DA:4,1
DA:5,1
DA:6,1
DA:7,1
DA:8,1
DA:10,1
DA:11,1
DA:13,1
DA:16,1
DA:17,1
DA:20,1
DA:22,1
DA:36,1
DA:38,1
DA:44,1
DA:50,1
DA:51,8
DA:52,8
DA:53,8
DA:54,8
DA:72,1
DA:89,1
DA:90,0
DA:93,1
DA:94,1
DA:97,0
DA:98,0
LF:30
LH:27
BRDA:93,1,0,1
BRDA:93,1,1,0
BRF:2
BRH:1
end_of_record
TN:
SF:C:\Users\admin\Desktop\170314\node1\ejsblog\config\default.js
FNF:0
FNH:0
DA:1,1
LF:1
LH:1
BRF:0
BRH:0
end_of_record
TN:
SF:C:\Users\admin\Desktop\170314\node1\ejsblog\routes\index.js
FN:1,(anonymous_1)
FN:12,(anonymous_2)
FNF:2
FNH:2
FNDA:1,(anonymous_1)
FNDA:7,(anonymous_2)
DA:1,1
DA:2,1
DA:3,0
DA:6,1
DA:7,1
DA:8,1
DA:9,1
DA:12,1
DA:13,7
DA:14,0
LF:10
LH:8
BRDA:13,1,0,0
BRDA:13,1,1,7
BRF:2
BRH:1
end_of_record
TN:
SF:C:\Users\admin\Desktop\170314\node1\ejsblog\routes\signup.js
FN:12,(anonymous_1)
FNF:1
FNH:1
FNDA:3,(anonymous_1)
DA:1,1
DA:2,1
DA:3,1
DA:5,1
DA:6,1
DA:8,1
DA:9,1
DA:12,1
DA:13,3
DA:17,1
DA:19,4
DA:20,4
DA:21,4
DA:22,4
DA:23,4
DA:24,4
DA:25,4
DA:27,4
DA:28,4
DA:29,1
DA:31,3
DA:32,1
DA:34,2
DA:35,0
DA:37,2
DA:38,0
DA:40,2
DA:41,0
DA:43,2
DA:44,0
DA:48,2
DA:49,2
DA:50,2
DA:54,2
DA:56,2
DA:65,2
DA:68,1
DA:70,1
DA:71,1
DA:73,1
DA:74,1
DA:78,1
DA:80,1
DA:81,1
DA:82,1
DA:84,0
DA:91,1
LF:47
LH:42
BRDA:28,1,0,1
BRDA:28,1,1,3
BRDA:28,2,0,4
BRDA:28,2,1,3
BRDA:31,3,0,1
BRDA:31,3,1,2
BRDA:34,4,0,0
BRDA:34,4,1,2
BRDA:34,5,0,2
BRDA:34,5,1,2
BRDA:37,6,0,0
BRDA:37,6,1,2
BRDA:40,7,0,0
BRDA:40,7,1,2
BRDA:43,8,0,0
BRDA:43,8,1,2
BRDA:80,9,0,1
BRDA:80,9,1,0
BRF:18
BRH:13
end_of_record
TN:
SF:C:\Users\admin\Desktop\170314\node1\ejsblog\models\users.js
FN:5,create
FN:9,getUserByName
FNF:2
FNH:1
FNDA:2,create
FNDA:0,getUserByName
DA:1,1
DA:3,1
DA:6,2
DA:10,0
LF:4
LH:3
BRF:0
BRH:0
end_of_record
TN:
SF:C:\Users\admin\Desktop\170314\node1\ejsblog\lib\mongo.js
FN:22,(anonymous_1)
FN:23,(anonymous_2)
FN:28,(anonymous_3)
FNF:3
FNH:2
FNDA:1,(anonymous_1)
FNDA:2,(anonymous_2)
FNDA:0,(anonymous_3)
DA:1,1
DA:2,1
DA:3,1
DA:4,1
DA:7,1
DA:15,1
DA:17,1
DA:18,1
DA:21,1
DA:23,1
DA:24,2
DA:26,1
DA:29,0
DA:30,0
DA:32,0
DA:36,1
DA:43,1
DA:46,1
DA:51,1
DA:52,1
LF:20
LH:17
BRDA:29,1,0,0
BRDA:29,1,1,0
BRF:2
BRH:0
end_of_record
TN:
SF:C:\Users\admin\Desktop\170314\node1\ejsblog\middlewares\check.js
FN:4,checkLogin
FN:17,checkNotLogin
FNF:2
FNH:1
FNDA:0,checkLogin
FNDA:7,checkNotLogin
DA:1,1
DA:3,1
DA:5,0
DA:6,0
DA:7,0
DA:9,0
DA:11,0
DA:12,0
DA:14,0
DA:18,7
DA:19,0
DA:20,0
DA:22,7
LF:13
LH:4
BRDA:5,1,0,0
BRDA:5,1,1,0
BRDA:9,2,0,0
BRDA:9,2,1,0
BRDA:18,3,0,0
BRDA:18,3,1,7
BRF:6
BRH:1
end_of_record
TN:
SF:C:\Users\admin\Desktop\170314\node1\ejsblog\routes\signin.js
FNF:0
FNH:0
DA:1,1
DA:2,1
DA:3,1
DA:5,1
DA:6,1
DA:9,1
DA:10,0
DA:13,1
DA:14,0
DA:15,0
DA:17,0
DA:19,0
DA:20,0
DA:21,0
DA:24,0
DA:25,0
DA:26,0
DA:28,0
DA:29,0
DA:30,0
DA:31,0
DA:32,0
DA:37,1
LF:23
LH:8
BRDA:19,1,0,0
BRDA:19,1,1,0
BRDA:24,2,0,0
BRDA:24,2,1,0
BRF:4
BRH:0
end_of_record
TN:
SF:C:\Users\admin\Desktop\170314\node1\ejsblog\routes\signout.js
FNF:0
FNH:0
DA:1,1
DA:2,1
DA:4,1
DA:7,1
DA:9,0
DA:10,0
DA:12,0
DA:15,1
LF:8
LH:5
BRF:0
BRH:0
end_of_record
TN:
SF:C:\Users\admin\Desktop\170314\node1\ejsblog\routes\posts.js
FN:26,(anonymous_1)
FN:73,(anonymous_2)
FN:81,(anonymous_3)
FN:96,(anonymous_4)
FN:114,(anonymous_5)
FN:121,(anonymous_6)
FN:131,(anonymous_7)
FN:144,(anonymous_8)
FN:165,(anonymous_9)
FNF:9
FNH:1
FNDA:1,(anonymous_1)
FNDA:0,(anonymous_2)
FNDA:0,(anonymous_3)
FNDA:0,(anonymous_4)
FNDA:0,(anonymous_5)
FNDA:0,(anonymous_6)
FNDA:0,(anonymous_7)
FNDA:0,(anonymous_8)
FNDA:0,(anonymous_9)
DA:1,1
DA:2,1
DA:5,1
DA:6,1
DA:8,1
DA:15,1
DA:16,1
DA:17,1
DA:18,1
DA:19,1
DA:20,1
DA:21,1
DA:22,1
DA:25,1
DA:27,1
DA:28,2
DA:30,1
DA:36,1
DA:37,0
DA:38,0
DA:39,0
DA:40,0
DA:41,0
DA:42,0
DA:44,0
DA:45,0
DA:48,0
DA:49,0
DA:51,0
DA:57,0
DA:59,0
DA:60,0
DA:61,0
DA:68,1
DA:70,0
DA:73,1
DA:74,0
DA:76,0
DA:82,0
DA:83,0
DA:84,0
DA:85,0
DA:88,0
DA:96,1
DA:97,0
DA:98,0
DA:100,0
DA:102,0
DA:103,0
DA:105,0
DA:106,0
DA:108,0
DA:114,1
DA:115,0
DA:116,0
DA:117,0
DA:118,0
DA:120,0
DA:122,0
DA:124,0
DA:131,1
DA:132,0
DA:133,0
DA:135,0
DA:137,0
DA:138,0
DA:144,1
DA:146,0
DA:147,0
DA:148,0
DA:149,0
DA:155,0
DA:157,0
DA:159,0
DA:165,1
DA:166,0
DA:167,0
DA:168,0
DA:170,0
DA:171,0
DA:179,1
LF:81
LH:26
BRDA:16,1,0,0
BRDA:16,1,1,1
BRDA:41,2,0,0
BRDA:41,2,1,0
BRDA:44,3,0,0
BRDA:44,3,1,0
BRDA:84,4,0,0
BRDA:84,4,1,0
BRDA:102,5,0,0
BRDA:102,5,1,0
BRDA:105,6,0,0
BRDA:105,6,1,0
BRF:12
BRH:1
end_of_record
TN:
SF:C:\Users\admin\Desktop\170314\node1\ejsblog\models\posts.js
FN:7,(anonymous_1)
FN:8,(anonymous_2)
FN:13,(anonymous_3)
FN:22,(anonymous_4)
FN:23,(anonymous_5)
FN:24,(anonymous_6)
FN:30,(anonymous_7)
FN:32,(anonymous_8)
FN:43,create
FN:47,getPostById
FN:56,getPosts
FN:75,getPostsCount
FN:85,incPv
FN:91,getRawPostById
FN:98,updatePostById
FN:101,delPostById
FN:103,(anonymous_17)
FNF:17
FNH:7
FNDA:1,(anonymous_1)
FNDA:2,(anonymous_2)
FNDA:0,(anonymous_3)
FNDA:1,(anonymous_4)
FNDA:2,(anonymous_5)
FNDA:2,(anonymous_6)
FNDA:0,(anonymous_7)
FNDA:0,(anonymous_8)
FNDA:0,create
FNDA:0,getPostById
FNDA:1,getPosts
FNDA:1,getPostsCount
FNDA:0,incPv
FNDA:0,getRawPostById
FNDA:0,updatePostById
FNDA:0,delPostById
FNDA:0,(anonymous_17)
DA:1,1
DA:2,1
DA:3,1
DA:6,1
DA:8,1
DA:9,2
DA:10,2
DA:14,0
DA:15,0
DA:17,0
DA:21,1
DA:23,1
DA:24,2
DA:25,2
DA:26,2
DA:31,0
DA:32,0
DA:33,0
DA:34,0
DA:37,0
DA:41,1
DA:44,0
DA:48,0
DA:57,1
DA:58,1
DA:59,0
DA:64,1
DA:76,1
DA:77,1
DA:78,0
DA:80,1
DA:86,0
DA:92,0
DA:99,0
DA:102,0
DA:104,0
DA:105,0
LF:37
LH:19
BRDA:14,1,0,0
BRDA:14,1,1,0
BRDA:31,2,0,0
BRDA:31,2,1,0
BRDA:58,3,0,0
BRDA:58,3,1,1
BRDA:77,4,0,0
BRDA:77,4,1,1
BRDA:104,5,0,0
BRDA:104,5,1,0
BRDA:104,6,0,0
BRDA:104,6,1,0
BRF:12
BRH:2
end_of_record
TN:
SF:C:\Users\admin\Desktop\170314\node1\ejsblog\models\comments.js
FN:6,(anonymous_1)
FN:7,(anonymous_2)
FN:14,create
FN:18,delCommentById
FN:22,delCommentByPostId
FN:25,getComments
FN:35,getCommentCount
FNF:7
FNH:1
FNDA:0,(anonymous_1)
FNDA:0,(anonymous_2)
FNDA:0,create
FNDA:0,delCommentById
FNDA:0,delCommentByPostId
FNDA:0,getComments
FNDA:2,getCommentCount
DA:1,1
DA:2,1
DA:5,1
DA:7,0
DA:8,0
DA:9,0
DA:13,1
DA:15,0
DA:19,0
DA:23,0
DA:26,0
DA:36,2
LF:12
LH:5
BRF:0
BRH:0
end_of_record
